<?xml version="1.0" encoding="UTF-8"?>
<!-- Generated by org.testng.reporters.JUnitReportReporter -->
<testsuite skipped="0" hostname="DESKTOP-JV4NU12" name="demoOrange.Testcases.Baseclass" tests="1" failures="0" timestamp="2020-02-03T17:03:13 IST" time="7.545" errors="0">
  <testcase name="Base" time="7.545" classname="demoOrange.Testcases.Baseclass"/>
  <system-out/>
</testsuite> <!-- demoOrange.Testcases.Baseclass -->
