<?xml version="1.0" encoding="UTF-8"?>
<!-- Generated by org.testng.reporters.JUnitReportReporter -->
<testsuite skipped="0" hostname="DESKTOP-JV4NU12" name="demoOrange.Testcases.TC_LoginTest_001" tests="1" failures="0" timestamp="2020-02-14T16:15:54 IST" time="7.879" errors="0">
  <testcase name="Logintest" time="7.879" classname="demoOrange.Testcases.TC_LoginTest_001"/>
  <system-out/>
</testsuite> <!-- demoOrange.Testcases.TC_LoginTest_001 -->
